
SQL*Loader: Release 11.2.0.2.0 - Production on 화 4월 10 10:03:27 2018

Copyright (c) 1982, 2009, Oracle and/or its affiliates.  All rights reserved.

Control File:   C:\myjsp\MyWeb\WebContent\MyWebSQL\zipcode_control.ctl
Data File:      C:\myjsp\MyWeb\WebContent\MyWebSQL\zipcode_20130201.csv
  Bad File:     C:\myjsp\MyWeb\WebContent\MyWebSQL\zipcode_20130201.bad
  Discard File:  none specified
 
 (Allow all discards)

Number to load: ALL
Number to skip: 0
Errors allowed: 50
Bind array:     64 rows, maximum of 256000 bytes
Continuation:    none specified
Path used:      Conventional

Table TBL_POST, loaded from every logical record.
Insert option in effect for this table: REPLACE
TRAILING NULLCOLS option in effect

   Column Name                  Position   Len  Term Encl Datatype
------------------------------ ---------- ----- ---- ---- ---------------------
ZIPCODE                             FIRST     *   ,       CHARACTER            
SIDO                                 NEXT     *   ,       CHARACTER            
GUGUN                                NEXT     *   ,       CHARACTER            
DONG                                 NEXT     *   ,       CHARACTER            
BUNJI                                NEXT     *   ,       CHARACTER            
SEQ                                  NEXT     *   ,       CHARACTER            


Table TBL_POST:
  52144 Rows successfully loaded.
  0 Rows not loaded due to data errors.
  0 Rows not loaded because all WHEN clauses were failed.
  0 Rows not loaded because all fields were null.


Space allocated for bind array:                  99072 bytes(64 rows)
Read   buffer bytes: 1048576

Total logical records skipped:          0
Total logical records read:         52144
Total logical records rejected:         0
Total logical records discarded:        0

Run began on 화 4월  10 10:03:27 2018
Run ended on 화 4월  10 10:03:30 2018

Elapsed time was:     00:00:02.65
CPU time was:         00:00:00.28
